  stdafx.cpp
  SuperMercado.cpp
c:\users\antonio\desktop\super abc\super abc\supermercado.cpp(36): warning C4018: '>': signed/unsigned mismatch
c:\users\antonio\desktop\super abc\super abc\supermercado.cpp(46): warning C4018: '>': signed/unsigned mismatch
c:\users\antonio\desktop\super abc\super abc\supermercado.cpp(62): warning C4018: '>': signed/unsigned mismatch
c:\users\antonio\desktop\super abc\super abc\supermercado.cpp(76): warning C4018: '<': signed/unsigned mismatch
c:\users\antonio\desktop\super abc\super abc\supermercado.cpp(85): warning C4018: '>': signed/unsigned mismatch
c:\users\antonio\desktop\super abc\super abc\supermercado.cpp(101): warning C4018: '<': signed/unsigned mismatch
c:\users\antonio\desktop\super abc\super abc\supermercado.cpp(140): warning C4018: '>': signed/unsigned mismatch
c:\users\antonio\desktop\super abc\super abc\supermercado.cpp(155): warning C4018: '>': signed/unsigned mismatch
c:\users\antonio\desktop\super abc\super abc\supermercado.cpp(165): warning C4018: '>': signed/unsigned mismatch
c:\users\antonio\desktop\super abc\super abc\supermercado.cpp(175): warning C4018: '>': signed/unsigned mismatch
c:\users\antonio\desktop\super abc\super abc\supermercado.cpp(185): warning C4018: '>': signed/unsigned mismatch
c:\users\antonio\desktop\super abc\super abc\supermercado.cpp(195): warning C4018: '>': signed/unsigned mismatch
c:\users\antonio\desktop\super abc\super abc\supermercado.cpp(205): warning C4018: '>': signed/unsigned mismatch
  main.cpp
  Producto.cpp
c:\users\antonio\desktop\super abc\super abc\producto.cpp(51): warning C4018: '<': signed/unsigned mismatch
  Pila.cpp
  Pasillo.cpp
c:\users\antonio\desktop\super abc\super abc\pasillo.cpp(46): warning C4018: '>': signed/unsigned mismatch
c:\users\antonio\desktop\super abc\super abc\pasillo.cpp(60): warning C4018: '>': signed/unsigned mismatch
c:\users\antonio\desktop\super abc\super abc\pasillo.cpp(76): warning C4018: '>': signed/unsigned mismatch
c:\users\antonio\desktop\super abc\super abc\pasillo.cpp(90): warning C4018: '<': signed/unsigned mismatch
c:\users\antonio\desktop\super abc\super abc\pasillo.cpp(106): warning C4018: '>': signed/unsigned mismatch
c:\users\antonio\desktop\super abc\super abc\pasillo.cpp(122): warning C4018: '<': signed/unsigned mismatch
c:\users\antonio\desktop\super abc\super abc\pasillo.cpp(150): warning C4018: '>': signed/unsigned mismatch
c:\users\antonio\desktop\super abc\super abc\pasillo.cpp(160): warning C4018: '>': signed/unsigned mismatch
c:\users\antonio\desktop\super abc\super abc\pasillo.cpp(170): warning C4018: '>': signed/unsigned mismatch
c:\users\antonio\desktop\super abc\super abc\pasillo.cpp(180): warning C4018: '>': signed/unsigned mismatch
  Menu.cpp
c:\users\antonio\desktop\super abc\super abc\menu.cpp(129): warning C4101: 't': unreferenced local variable
  IO_Archivo.cpp
  Estante.cpp
c:\users\antonio\desktop\super abc\super abc\estante.cpp(21): warning C4018: '>': signed/unsigned mismatch
c:\users\antonio\desktop\super abc\super abc\estante.cpp(35): warning C4018: '>': signed/unsigned mismatch
c:\users\antonio\desktop\super abc\super abc\estante.cpp(56): warning C4018: '>': signed/unsigned mismatch
c:\users\antonio\desktop\super abc\super abc\estante.cpp(67): warning C4018: '>': signed/unsigned mismatch
c:\users\antonio\desktop\super abc\super abc\estante.cpp(79): warning C4018: '<': signed/unsigned mismatch
c:\users\antonio\desktop\super abc\super abc\estante.cpp(90): warning C4018: '>': signed/unsigned mismatch
c:\users\antonio\desktop\super abc\super abc\estante.cpp(106): warning C4018: '>': signed/unsigned mismatch
  Cliente.cpp
c:\users\antonio\desktop\super abc\super abc\cliente.cpp(31): warning C4018: '<': signed/unsigned mismatch
  Generating Code...
  Super ABC.vcxproj -> C:\Users\antonio\Desktop\Super ABC\Debug\Super ABC.exe
  Super ABC.vcxproj -> C:\Users\antonio\Desktop\Super ABC\Debug\Super ABC.pdb (Partial PDB)
